<?xml version="1.0" encoding="UTF-8"?>
<testng-results ignored="0" total="1" passed="1" failed="0" skipped="0">
  <reporter-output>
  </reporter-output>
  <suite started-at="2023-04-19T17:13:57 HAE" name="Default suite" finished-at="2023-04-19T17:14:25 HAE" duration-ms="27928">
    <groups>
    </groups>
    <test started-at="2023-04-19T17:13:57 HAE" name="Default test" finished-at="2023-04-19T17:14:25 HAE" duration-ms="27928">
      <class name="Test_cases.test_exercice01">
        <test-method signature="test_endtoend()[pri:0, instance:Test_cases.test_exercice01@942a29c]" started-at="2023-04-19T17:13:57 HAE" name="test_endtoend" finished-at="2023-04-19T17:14:25 HAE" duration-ms="27877" status="PASS">
          <reporter-output>
          </reporter-output>
        </test-method> <!-- test_endtoend -->
      </class> <!-- Test_cases.test_exercice01 -->
    </test> <!-- Default test -->
  </suite> <!-- Default suite -->
</testng-results>
